<?xml version="1.0" encoding="UTF-8"?>
<testsuite name="com.example.basicauth.BasicAuthApplicationTests" tests="1" skipped="0" failures="0" errors="0" timestamp="2023-11-18T18:13:25" hostname="192.168.1.6" time="0.587">
  <properties/>
  <testcase name="contextLoads()" classname="com.example.basicauth.BasicAuthApplicationTests" time="0.587"/>
  <system-out><![CDATA[21:13:21.293 [Test worker] INFO org.springframework.test.context.support.AnnotationConfigContextLoaderUtils -- Could not detect default configuration classes for test class [com.example.basicauth.BasicAuthApplicationTests]: BasicAuthApplicationTests does not declare any static, non-private, non-final, nested classes annotated with @Configuration.
21:13:21.408 [Test worker] INFO org.springframework.boot.test.context.SpringBootTestContextBootstrapper -- Found @SpringBootConfiguration com.example.basicauth.BasicAuthApplication for test class com.example.basicauth.BasicAuthApplicationTests

  .   ____          _            __ _ _
 /\\ / ___'_ __ _ _(_)_ __  __ _ \ \ \ \
( ( )\___ | '_ | '_| | '_ \/ _` | \ \ \ \
 \\/  ___)| |_)| | | | | || (_| |  ) ) ) )
  '  |____| .__|_| |_|_| |_\__, | / / / /
 =========|_|==============|___/=/_/_/_/
 :: Spring Boot ::                (v3.1.5)

2023-11-18T21:13:21.822+03:00  INFO 57727 --- [    Test worker] c.e.basicauth.BasicAuthApplicationTests  : Starting BasicAuthApplicationTests using Java 17.0.8.1 with PID 57727 (started by utkuyavuz in /Users/utkuyavuz/Desktop/SpringBoot/basic-auth)
2023-11-18T21:13:21.824+03:00  INFO 57727 --- [    Test worker] c.e.basicauth.BasicAuthApplicationTests  : No active profile set, falling back to 1 default profile: "default"
2023-11-18T21:13:22.516+03:00  INFO 57727 --- [    Test worker] .s.d.r.c.RepositoryConfigurationDelegate : Bootstrapping Spring Data JPA repositories in DEFAULT mode.
2023-11-18T21:13:22.576+03:00  INFO 57727 --- [    Test worker] .s.d.r.c.RepositoryConfigurationDelegate : Finished Spring Data repository scanning in 44 ms. Found 1 JPA repository interfaces.
2023-11-18T21:13:23.093+03:00  INFO 57727 --- [    Test worker] o.hibernate.jpa.internal.util.LogHelper  : HHH000204: Processing PersistenceUnitInfo [name: default]
2023-11-18T21:13:23.167+03:00  INFO 57727 --- [    Test worker] org.hibernate.Version                    : HHH000412: Hibernate ORM core version 6.2.13.Final
2023-11-18T21:13:23.169+03:00  INFO 57727 --- [    Test worker] org.hibernate.cfg.Environment            : HHH000406: Using bytecode reflection optimizer
2023-11-18T21:13:23.481+03:00  INFO 57727 --- [    Test worker] o.s.o.j.p.SpringPersistenceUnitInfo      : No LoadTimeWeaver setup: ignoring JPA class transformer
2023-11-18T21:13:23.512+03:00  INFO 57727 --- [    Test worker] com.zaxxer.hikari.HikariDataSource       : HikariPool-1 - Starting...
2023-11-18T21:13:23.676+03:00  INFO 57727 --- [    Test worker] com.zaxxer.hikari.pool.HikariPool        : HikariPool-1 - Added connection conn0: url=jdbc:h2:mem:db user=SA
2023-11-18T21:13:23.677+03:00  INFO 57727 --- [    Test worker] com.zaxxer.hikari.HikariDataSource       : HikariPool-1 - Start completed.
2023-11-18T21:13:24.661+03:00  INFO 57727 --- [    Test worker] o.h.e.t.j.p.i.JtaPlatformInitiator       : HHH000489: No JTA platform available (set 'hibernate.transaction.jta.platform' to enable JTA platform integration)
2023-11-18T21:13:24.727+03:00  INFO 57727 --- [    Test worker] j.LocalContainerEntityManagerFactoryBean : Initialized JPA EntityManagerFactory for persistence unit 'default'
2023-11-18T21:13:25.133+03:00  WARN 57727 --- [    Test worker] JpaBaseConfiguration$JpaWebConfiguration : spring.jpa.open-in-view is enabled by default. Therefore, database queries may be performed during view rendering. Explicitly configure spring.jpa.open-in-view to disable this warning
2023-11-18T21:13:25.307+03:00  INFO 57727 --- [    Test worker] o.s.s.web.DefaultSecurityFilterChain     : Will secure any request with [org.springframework.security.web.session.DisableEncodeUrlFilter@28c00acd, org.springframework.security.web.context.request.async.WebAsyncManagerIntegrationFilter@590f806a, org.springframework.security.web.context.SecurityContextHolderFilter@3c717ef2, org.springframework.security.web.header.HeaderWriterFilter@54d2887a, org.springframework.security.web.authentication.logout.LogoutFilter@1adec8d, org.springframework.security.web.authentication.www.BasicAuthenticationFilter@63b2418e, org.springframework.security.web.savedrequest.RequestCacheAwareFilter@3e5ed0d4, org.springframework.security.web.servletapi.SecurityContextHolderAwareRequestFilter@56f19f36, org.springframework.security.web.authentication.AnonymousAuthenticationFilter@2267b0bb, org.springframework.security.web.access.ExceptionTranslationFilter@36c1b6ff, org.springframework.security.web.access.intercept.AuthorizationFilter@6dadcf58]
2023-11-18T21:13:25.832+03:00  INFO 57727 --- [    Test worker] o.s.b.a.h2.H2ConsoleAutoConfiguration    : H2 console available at '/h2-console'. Database available at 'jdbc:h2:mem:db'
2023-11-18T21:13:25.898+03:00  INFO 57727 --- [    Test worker] c.e.basicauth.BasicAuthApplicationTests  : Started BasicAuthApplicationTests in 4.32 seconds (process running for 5.47)
]]></system-out>
  <system-err><![CDATA[]]></system-err>
</testsuite>
